2026-03-08 11:18:24 [scrapy.utils.log] INFO: Scrapy 2.11.0 started (bot: ecommerce_intelligence)
2026-03-08 11:18:24 [scrapy.utils.log] INFO: Versions: lxml 6.0.2.0, libxml2 2.11.9, cssselect 1.4.0, parsel 1.11.0, w3lib 2.4.0, Twisted 22.10.0, Python 3.10.11 (tags/v3.10.11:7d4cc5a, Apr  5 2023, 00:38:17) [MSC v.1929 64 bit (AMD64)], pyOpenSSL 25.3.0 (OpenSSL 3.5.5 27 Jan 2026), cryptography 46.0.5, Platform Windows-10-10.0.26100-SP0
2026-03-08 11:18:24 [scrapy.addons] INFO: Enabled addons:
[]
2026-03-08 11:18:24 [scrapy.extensions.telnet] INFO: Telnet Password: a6545950fae828c9
2026-03-08 11:18:24 [scrapy.middleware] INFO: Enabled extensions:
['scrapy.extensions.corestats.CoreStats',
 'scrapy.extensions.telnet.TelnetConsole',
 'scrapy.extensions.feedexport.FeedExporter',
 'scrapy.extensions.logstats.LogStats',
 'scrapy.extensions.throttle.AutoThrottle']
2026-03-08 11:18:24 [scrapy.crawler] INFO: Overridden settings:
{'AUTOTHROTTLE_ENABLED': True,
 'AUTOTHROTTLE_MAX_DELAY': 10,
 'AUTOTHROTTLE_START_DELAY': 1,
 'AUTOTHROTTLE_TARGET_CONCURRENCY': 2.0,
 'BOT_NAME': 'ecommerce_intelligence',
 'CONCURRENT_REQUESTS': 8,
 'CONCURRENT_REQUESTS_PER_DOMAIN': 2,
 'DOWNLOAD_DELAY': 1,
 'FEED_EXPORT_ENCODING': 'utf-8',
 'LOG_FILE': 'logs/scrapy.log',
 'LOG_LEVEL': 'INFO',
 'NEWSPIDER_MODULE': 'scraper.spiders',
 'REQUEST_FINGERPRINTER_IMPLEMENTATION': '2.7',
 'RETRY_HTTP_CODES': [500, 502, 503, 504, 408, 429],
 'RETRY_TIMES': 3,
 'ROBOTSTXT_OBEY': True,
 'SPIDER_MODULES': ['scraper.spiders'],
 'TWISTED_REACTOR': 'twisted.internet.asyncioreactor.AsyncioSelectorReactor'}
2026-03-08 11:18:24 [scrapy.middleware] INFO: Enabled downloader middlewares:
['scrapy.downloadermiddlewares.robotstxt.RobotsTxtMiddleware',
 'scrapy.downloadermiddlewares.httpauth.HttpAuthMiddleware',
 'scrapy.downloadermiddlewares.downloadtimeout.DownloadTimeoutMiddleware',
 'scrapy.downloadermiddlewares.defaultheaders.DefaultHeadersMiddleware',
 'scraper.middlewares.RotatingUserAgentMiddleware',
 'scraper.middlewares.ProxyMiddleware',
 'scrapy.downloadermiddlewares.retry.RetryMiddleware',
 'scraper.middlewares.RetryMiddleware',
 'scrapy.downloadermiddlewares.redirect.MetaRefreshMiddleware',
 'scrapy.downloadermiddlewares.httpcompression.HttpCompressionMiddleware',
 'scrapy.downloadermiddlewares.redirect.RedirectMiddleware',
 'scrapy.downloadermiddlewares.cookies.CookiesMiddleware',
 'scrapy.downloadermiddlewares.httpproxy.HttpProxyMiddleware',
 'scrapy.downloadermiddlewares.stats.DownloaderStats']
2026-03-08 11:18:24 [scrapy.middleware] INFO: Enabled spider middlewares:
['scrapy.spidermiddlewares.httperror.HttpErrorMiddleware',
 'scrapy.spidermiddlewares.offsite.OffsiteMiddleware',
 'scrapy.spidermiddlewares.referer.RefererMiddleware',
 'scrapy.spidermiddlewares.urllength.UrlLengthMiddleware',
 'scrapy.spidermiddlewares.depth.DepthMiddleware']
2026-03-08 11:18:25 [scrapy.middleware] INFO: Enabled item pipelines:
['scraper.pipelines.DataCleaningPipeline',
 'scraper.pipelines.DuplicateFilterPipeline',
 'scraper.pipelines.PostgreSQLPipeline']
2026-03-08 11:18:25 [scrapy.core.engine] INFO: Spider opened
2026-03-08 11:18:25 [scraper.pipelines] INFO: [DB] PostgreSQL pipeline ready | Run ID: 3
2026-03-08 11:18:25 [scrapy.extensions.logstats] INFO: Crawled 0 pages (at 0 pages/min), scraped 0 items (at 0 items/min)
2026-03-08 11:18:25 [scrapy.extensions.telnet] INFO: Telnet console listening on 127.0.0.1:6023
2026-03-08 11:18:26 [scrapy.robotstxt] WARNING: Failure while parsing robots.txt. File either contains garbage or is in an encoding other than UTF-8, treating it as an empty file.
Traceback (most recent call last):
  File "C:\Users\Akhiliny Vijeyagumar\AppData\Local\Programs\Python\Python310\lib\site-packages\scrapy\robotstxt.py", line 15, in decode_robotstxt
    robotstxt_body = robotstxt_body.decode("utf-8")
UnicodeDecodeError: 'utf-8' codec can't decode bytes in position 5-6: invalid continuation byte
2026-03-08 11:18:27 [scraper.spiders.static_spider] INFO: [PAGE 1] Scraping: https://books.toscrape.com/
2026-03-08 11:18:27 [scraper.spiders.static_spider] INFO:   Found 0 books on this page
2026-03-08 11:18:27 [scraper.spiders.static_spider] INFO: [DONE] Finished all pages. Total items: 0
2026-03-08 11:18:27 [scrapy.core.engine] INFO: Closing spider (finished)
2026-03-08 11:18:27 [scraper.pipelines] INFO: [OK] PostgreSQL Pipeline closed | New: 0 | Updated: 0 | Failed: 0
2026-03-08 11:18:27 [scraper.pipelines] INFO: [DEL]  DuplicateFilter: dropped 0 duplicate items
2026-03-08 11:18:27 [scrapy.extensions.feedexport] INFO: Stored json feed (0 items) in: output/scraped_2026-03-08T05-48-25+00-00.json
2026-03-08 11:18:27 [scrapy.statscollectors] INFO: Dumping Scrapy stats:
{'downloader/request_bytes': 761,
 'downloader/request_count': 2,
 'downloader/request_method_count/GET': 2,
 'downloader/response_bytes': 5805,
 'downloader/response_count': 2,
 'downloader/response_status_count/200': 1,
 'downloader/response_status_count/404': 1,
 'elapsed_time_seconds': 2.131549,
 'feedexport/success_count/FileFeedStorage': 1,
 'finish_reason': 'finished',
 'finish_time': datetime.datetime(2026, 3, 8, 5, 48, 27, 646241, tzinfo=datetime.timezone.utc),
 'httpcompression/response_bytes': 5389,
 'httpcompression/response_count': 2,
 'log_count/INFO': 17,
 'log_count/WARNING': 1,
 'response_received_count': 2,
 'robotstxt/request_count': 1,
 'robotstxt/response_count': 1,
 'robotstxt/response_status_count/404': 1,
 'scheduler/dequeued': 1,
 'scheduler/dequeued/memory': 1,
 'scheduler/enqueued': 1,
 'scheduler/enqueued/memory': 1,
 'start_time': datetime.datetime(2026, 3, 8, 5, 48, 25, 514692, tzinfo=datetime.timezone.utc)}
2026-03-08 11:18:27 [scrapy.core.engine] INFO: Spider closed (finished)
2026-03-08 11:18:27 [__main__] INFO: Scrapy spiders finished
2026-03-08 11:18:27 [__main__] INFO: ============================================================
2026-03-08 11:18:27 [__main__] INFO: SELENIUM SPIDER STARTING
2026-03-08 11:18:27 [__main__] INFO: ============================================================
2026-03-08 11:18:27 [scraper.spiders.dynamic_spider] INFO: Starting Selenium Chrome driver...
2026-03-08 11:18:27 [WDM] INFO: ====== WebDriver manager ======
2026-03-08 11:18:29 [WDM] INFO: Get LATEST chromedriver version for google-chrome
2026-03-08 11:18:30 [WDM] INFO: Get LATEST chromedriver version for google-chrome
2026-03-08 11:18:30 [WDM] INFO: Driver [C:\Users\Akhiliny Vijeyagumar\.wdm\drivers\chromedriver\win64\145.0.7632.117\chromedriver-win32/THIRD_PARTY_NOTICES.chromedriver] found in cache
2026-03-08 11:18:30 [scraper.spiders.dynamic_spider] INFO: Using ChromeDriver at: C:\Users\Akhiliny Vijeyagumar\.wdm\drivers\chromedriver\win64\145.0.7632.117\chromedriver-win32\chromedriver.exe
2026-03-08 11:18:32 [scraper.spiders.dynamic_spider] INFO: Starting dynamic scrape: https://quotes.toscrape.com/js/
2026-03-08 11:18:32 [scraper.spiders.dynamic_spider] INFO: [PAGE 1] Scraping JS page: https://quotes.toscrape.com/js/
2026-03-08 11:18:36 [scraper.spiders.dynamic_spider] INFO:   Found 10 items on page
2026-03-08 11:18:37 [scraper.spiders.dynamic_spider] INFO:   Got 10 items (total: 10)
2026-03-08 11:18:37 [scraper.spiders.dynamic_spider] INFO:   Waiting 3.5s before next page...
2026-03-08 11:18:41 [scraper.spiders.dynamic_spider] INFO: [PAGE 2] Scraping JS page: https://quotes.toscrape.com/js/page/2/
2026-03-08 11:18:42 [scraper.spiders.dynamic_spider] INFO:   Found 10 items on page
2026-03-08 11:18:43 [scraper.spiders.dynamic_spider] INFO:   Got 10 items (total: 20)
2026-03-08 11:18:43 [scraper.spiders.dynamic_spider] INFO:   Waiting 2.8s before next page...
2026-03-08 11:18:46 [scraper.spiders.dynamic_spider] INFO: [PAGE 3] Scraping JS page: https://quotes.toscrape.com/js/page/3/
2026-03-08 11:18:48 [scraper.spiders.dynamic_spider] INFO:   Found 10 items on page
2026-03-08 11:18:48 [scraper.spiders.dynamic_spider] INFO:   Got 10 items (total: 30)
2026-03-08 11:18:48 [scraper.spiders.dynamic_spider] INFO:   Waiting 3.1s before next page...
2026-03-08 11:18:51 [scraper.spiders.dynamic_spider] INFO: Dynamic scrape complete. Total items: 30
2026-03-08 11:18:53 [scraper.spiders.dynamic_spider] INFO: Chrome driver closed.
2026-03-08 11:18:58 [__main__] INFO:   Selenium scraped 30 items - saving to DB...
2026-03-08 11:18:58 [__main__] INFO: Selenium: saved 30 items to PostgreSQL
2026-03-08 11:18:58 [__main__] INFO: ============================================================
2026-03-08 11:18:58 [__main__] INFO: PRICE MONITOR STARTING
2026-03-08 11:18:58 [__main__] INFO: ============================================================
2026-03-08 11:18:58 [monitor.price_alert] INFO: [MONITOR] Starting price monitor...
2026-03-08 11:18:58 [monitor.price_alert] INFO:   Monitoring 30 products
2026-03-08 11:18:58 [monitor.price_alert] INFO: [RISE] ALERT [PRICE_RISE] | “The world as we have created it is a process of o | £182.93 → £406.12 (+122.0%)
2026-03-08 11:18:58 [monitor.price_alert] INFO: [RISE] ALERT [PRICE_RISE] | “It is our choices, Harry, that show what we truly | £429.50 → £483.48 (+12.6%)
2026-03-08 11:18:58 [monitor.price_alert] INFO: [DROP] ALERT [PRICE_DROP] | “There are only two ways to live your life. One is | £434.62 → £120.68 (-72.2%)
2026-03-08 11:18:58 [monitor.price_alert] INFO: [OUT] ALERT [OUT_OF_STOCK] | “There are only two ways to live your life. One is | £434.62 → £120.68 (+0.0%)
2026-03-08 11:18:58 [monitor.price_alert] INFO: [RISE] ALERT [PRICE_RISE] | “The person, be it gentleman or lady, who has not  | £392.92 → £471.14 (+19.9%)
2026-03-08 11:18:58 [__main__] ERROR: Price monitor failed: (psycopg2.errors.NumericValueOutOfRange) numeric field overflow
DETAIL:  A field with precision 5, scale 2 must round to an absolute value less than 10^3.

[SQL: INSERT INTO price_alerts (product_id, alert_type, old_price, new_price, change_pct, triggered_at, is_notified) VALUES (%(product_id)s, %(alert_type)s, %(old_price)s, %(new_price)s, %(change_pct)s, %(triggered_at)s, %(is_notified)s) RETURNING price_alerts.id]
[parameters: {'product_id': '4d899ce02803395b', 'alert_type': 'PRICE_RISE', 'old_price': 24.59, 'new_price': 455.94, 'change_pct': 1754.17, 'triggered_at': datetime.datetime(2026, 3, 8, 5, 48, 58, 378132), 'is_notified': False}]
(Background on this error at: https://sqlalche.me/e/20/9h9h)
2026-03-08 11:18:58 [__main__] INFO: 
All tasks complete in 34.3s

2026-03-08 06:03:39 [scrapy.utils.log] INFO: Scrapy 2.11.0 started (bot: ecommerce_intelligence)
2026-03-08 06:03:39 [scrapy.utils.log] INFO: Versions: lxml 6.0.2.0, libxml2 2.14.6, cssselect 1.4.0, parsel 1.11.0, w3lib 2.4.0, Twisted 22.10.0, Python 3.11.15 (main, Mar  3 2026, 20:22:58) [GCC 14.2.0], pyOpenSSL 25.3.0 (OpenSSL 3.5.5 27 Jan 2026), cryptography 46.0.5, Platform Linux-5.15.146.1-microsoft-standard-WSL2-x86_64-with-glibc2.41
2026-03-08 06:03:39 [scrapy.addons] INFO: Enabled addons:
[]
2026-03-08 06:03:39 [scrapy.extensions.telnet] INFO: Telnet Password: 4166e730e599685f
2026-03-08 06:03:39 [scrapy.middleware] INFO: Enabled extensions:
['scrapy.extensions.corestats.CoreStats',
 'scrapy.extensions.telnet.TelnetConsole',
 'scrapy.extensions.memusage.MemoryUsage',
 'scrapy.extensions.feedexport.FeedExporter',
 'scrapy.extensions.logstats.LogStats',
 'scrapy.extensions.throttle.AutoThrottle']
2026-03-08 06:03:39 [scrapy.crawler] INFO: Overridden settings:
{'AUTOTHROTTLE_ENABLED': True,
 'AUTOTHROTTLE_MAX_DELAY': 10,
 'AUTOTHROTTLE_START_DELAY': 1,
 'AUTOTHROTTLE_TARGET_CONCURRENCY': 2.0,
 'BOT_NAME': 'ecommerce_intelligence',
 'CONCURRENT_REQUESTS': 8,
 'CONCURRENT_REQUESTS_PER_DOMAIN': 2,
 'DOWNLOAD_DELAY': 1,
 'FEED_EXPORT_ENCODING': 'utf-8',
 'LOG_FILE': 'logs/scrapy.log',
 'LOG_LEVEL': 'INFO',
 'NEWSPIDER_MODULE': 'scraper.spiders',
 'REQUEST_FINGERPRINTER_IMPLEMENTATION': '2.7',
 'RETRY_HTTP_CODES': [500, 502, 503, 504, 408, 429],
 'RETRY_TIMES': 3,
 'ROBOTSTXT_OBEY': True,
 'SPIDER_MODULES': ['scraper.spiders'],
 'TWISTED_REACTOR': 'twisted.internet.asyncioreactor.AsyncioSelectorReactor'}
2026-03-08 06:03:39 [scrapy.middleware] INFO: Enabled downloader middlewares:
['scrapy.downloadermiddlewares.robotstxt.RobotsTxtMiddleware',
 'scrapy.downloadermiddlewares.httpauth.HttpAuthMiddleware',
 'scrapy.downloadermiddlewares.downloadtimeout.DownloadTimeoutMiddleware',
 'scrapy.downloadermiddlewares.defaultheaders.DefaultHeadersMiddleware',
 'scraper.middlewares.RotatingUserAgentMiddleware',
 'scraper.middlewares.ProxyMiddleware',
 'scrapy.downloadermiddlewares.retry.RetryMiddleware',
 'scraper.middlewares.RetryMiddleware',
 'scrapy.downloadermiddlewares.redirect.MetaRefreshMiddleware',
 'scrapy.downloadermiddlewares.httpcompression.HttpCompressionMiddleware',
 'scrapy.downloadermiddlewares.redirect.RedirectMiddleware',
 'scrapy.downloadermiddlewares.cookies.CookiesMiddleware',
 'scrapy.downloadermiddlewares.httpproxy.HttpProxyMiddleware',
 'scrapy.downloadermiddlewares.stats.DownloaderStats']
2026-03-08 06:03:39 [scrapy.middleware] INFO: Enabled spider middlewares:
['scrapy.spidermiddlewares.httperror.HttpErrorMiddleware',
 'scrapy.spidermiddlewares.offsite.OffsiteMiddleware',
 'scrapy.spidermiddlewares.referer.RefererMiddleware',
 'scrapy.spidermiddlewares.urllength.UrlLengthMiddleware',
 'scrapy.spidermiddlewares.depth.DepthMiddleware']
2026-03-08 06:03:39 [scrapy.middleware] INFO: Enabled item pipelines:
['scraper.pipelines.DataCleaningPipeline',
 'scraper.pipelines.DuplicateFilterPipeline',
 'scraper.pipelines.PostgreSQLPipeline']
2026-03-08 06:03:39 [scrapy.core.engine] INFO: Spider opened
2026-03-08 06:03:40 [scraper.pipelines] INFO: [DB] PostgreSQL pipeline ready | Run ID: 4
2026-03-08 06:03:40 [scrapy.extensions.logstats] INFO: Crawled 0 pages (at 0 pages/min), scraped 0 items (at 0 items/min)
2026-03-08 06:03:40 [scrapy.extensions.telnet] INFO: Telnet console listening on 127.0.0.1:6023
2026-03-08 06:03:41 [scrapy.robotstxt] WARNING: Failure while parsing robots.txt. File either contains garbage or is in an encoding other than UTF-8, treating it as an empty file.
Traceback (most recent call last):
  File "/usr/local/lib/python3.11/site-packages/scrapy/robotstxt.py", line 15, in decode_robotstxt
    robotstxt_body = robotstxt_body.decode("utf-8")
                     ^^^^^^^^^^^^^^^^^^^^^^^^^^^^^^
UnicodeDecodeError: 'utf-8' codec can't decode byte 0xa8 in position 1: invalid start byte
2026-03-08 06:03:42 [scraper.spiders.static_spider] INFO: [PAGE 1] Scraping: https://books.toscrape.com/
2026-03-08 06:03:42 [scraper.spiders.static_spider] INFO:   Found 0 books on this page
2026-03-08 06:03:42 [scraper.spiders.static_spider] INFO: [DONE] Finished all pages. Total items: 0
2026-03-08 06:03:42 [scrapy.core.engine] INFO: Closing spider (finished)
2026-03-08 06:03:42 [scraper.pipelines] INFO: [OK] PostgreSQL Pipeline closed | New: 0 | Updated: 0 | Failed: 0
2026-03-08 06:03:42 [scraper.pipelines] INFO: [DEL]  DuplicateFilter: dropped 0 duplicate items
2026-03-08 06:03:42 [scrapy.extensions.feedexport] INFO: Stored json feed (0 items) in: output/scraped_2026-03-08T06-03-40+00-00.json
2026-03-08 06:03:42 [scrapy.statscollectors] INFO: Dumping Scrapy stats:
{'downloader/request_bytes': 768,
 'downloader/request_count': 2,
 'downloader/request_method_count/GET': 2,
 'downloader/response_bytes': 5839,
 'downloader/response_count': 2,
 'downloader/response_status_count/200': 1,
 'downloader/response_status_count/404': 1,
 'elapsed_time_seconds': 2.169834,
 'feedexport/success_count/FileFeedStorage': 1,
 'finish_reason': 'finished',
 'finish_time': datetime.datetime(2026, 3, 8, 6, 3, 42, 174075, tzinfo=datetime.timezone.utc),
 'httpcompression/response_bytes': 5423,
 'httpcompression/response_count': 2,
 'log_count/INFO': 17,
 'log_count/WARNING': 1,
 'memusage/max': 98418688,
 'memusage/startup': 98418688,
 'response_received_count': 2,
 'robotstxt/request_count': 1,
 'robotstxt/response_count': 1,
 'robotstxt/response_status_count/404': 1,
 'scheduler/dequeued': 1,
 'scheduler/dequeued/memory': 1,
 'scheduler/enqueued': 1,
 'scheduler/enqueued/memory': 1,
 'start_time': datetime.datetime(2026, 3, 8, 6, 3, 40, 4241, tzinfo=datetime.timezone.utc)}
2026-03-08 06:03:42 [scrapy.core.engine] INFO: Spider closed (finished)
2026-03-08 06:03:42 [__main__] INFO: Scrapy spiders finished
2026-03-08 06:03:42 [__main__] INFO: ============================================================
2026-03-08 06:03:42 [__main__] INFO: SELENIUM SPIDER STARTING
2026-03-08 06:03:42 [__main__] INFO: ============================================================
2026-03-08 06:03:42 [scraper.spiders.dynamic_spider] INFO: Starting Selenium Chrome driver...
2026-03-08 06:03:42 [WDM] INFO: ====== WebDriver manager ======
2026-03-08 06:03:42 [WDM] INFO: Get LATEST chromedriver version for google-chrome
2026-03-08 06:03:43 [WDM] INFO: Get LATEST chromedriver version for google-chrome
2026-03-08 06:03:43 [WDM] INFO: There is no [linux64] chromedriver "145.0.7632.117" for browser google-chrome "145.0.7632" in cache
2026-03-08 06:03:43 [WDM] INFO: Get LATEST chromedriver version for google-chrome
2026-03-08 06:03:44 [WDM] INFO: WebDriver version 145.0.7632.117 selected
2026-03-08 06:03:44 [WDM] INFO: Modern chrome version https://storage.googleapis.com/chrome-for-testing-public/145.0.7632.117/linux64/chromedriver-linux64.zip
2026-03-08 06:03:44 [WDM] INFO: About to download new driver from https://storage.googleapis.com/chrome-for-testing-public/145.0.7632.117/linux64/chromedriver-linux64.zip
2026-03-08 06:03:44 [WDM] INFO: Driver downloading response is 200
2026-03-08 06:03:48 [WDM] INFO: Get LATEST chromedriver version for google-chrome
2026-03-08 06:03:49 [WDM] INFO: Driver has been saved in cache [/root/.wdm/drivers/chromedriver/linux64/145.0.7632.117]
2026-03-08 06:03:49 [scraper.spiders.dynamic_spider] INFO: Using ChromeDriver at: /root/.wdm/drivers/chromedriver/linux64/145.0.7632.117/chromedriver-linux64/chromedriver
2026-03-08 06:03:49 [__main__] ERROR: Selenium spider failed: Message: 'chromedriver' executable may have wrong permissions.

2026-03-08 06:03:49 [__main__] INFO: ============================================================
2026-03-08 06:03:49 [__main__] INFO: PRICE MONITOR STARTING
2026-03-08 06:03:49 [__main__] INFO: ============================================================
2026-03-08 06:03:49 [monitor.price_alert] INFO: [MONITOR] Starting price monitor...
2026-03-08 06:03:49 [monitor.price_alert] INFO:   Monitoring 30 products
2026-03-08 06:03:49 [monitor.price_alert] INFO: [RISE] ALERT [PRICE_RISE] | “The world as we have created it is a process of o | £182.93 → £406.12 (+122.0%)
2026-03-08 06:03:49 [monitor.price_alert] INFO: [RISE] ALERT [PRICE_RISE] | “It is our choices, Harry, that show what we truly | £429.50 → £483.48 (+12.6%)
2026-03-08 06:03:49 [monitor.price_alert] INFO: [DROP] ALERT [PRICE_DROP] | “There are only two ways to live your life. One is | £434.62 → £120.68 (-72.2%)
2026-03-08 06:03:49 [monitor.price_alert] INFO: [OUT] ALERT [OUT_OF_STOCK] | “There are only two ways to live your life. One is | £434.62 → £120.68 (+0.0%)
2026-03-08 06:03:49 [monitor.price_alert] INFO: [RISE] ALERT [PRICE_RISE] | “The person, be it gentleman or lady, who has not  | £392.92 → £471.14 (+19.9%)
2026-03-08 06:03:49 [__main__] ERROR: Price monitor failed: (psycopg2.errors.NumericValueOutOfRange) numeric field overflow
DETAIL:  A field with precision 5, scale 2 must round to an absolute value less than 10^3.

[SQL: INSERT INTO price_alerts (product_id, alert_type, old_price, new_price, change_pct, triggered_at, is_notified) VALUES (%(product_id)s, %(alert_type)s, %(old_price)s, %(new_price)s, %(change_pct)s, %(triggered_at)s, %(is_notified)s) RETURNING price_alerts.id]
[parameters: {'product_id': '4d899ce02803395b', 'alert_type': 'PRICE_RISE', 'old_price': 24.59, 'new_price': 455.94, 'change_pct': 1754.17, 'triggered_at': datetime.datetime(2026, 3, 8, 6, 3, 49, 245500), 'is_notified': False}]
(Background on this error at: https://sqlalche.me/e/20/9h9h)
2026-03-08 06:03:49 [__main__] INFO: 
All tasks complete in 10.5s

2026-03-08 06:08:53 [scrapy.utils.log] INFO: Scrapy 2.11.0 started (bot: ecommerce_intelligence)
2026-03-08 06:08:53 [scrapy.utils.log] INFO: Versions: lxml 6.0.2.0, libxml2 2.14.6, cssselect 1.4.0, parsel 1.11.0, w3lib 2.4.0, Twisted 22.10.0, Python 3.11.15 (main, Mar  3 2026, 20:22:58) [GCC 14.2.0], pyOpenSSL 25.3.0 (OpenSSL 3.5.5 27 Jan 2026), cryptography 46.0.5, Platform Linux-5.15.146.1-microsoft-standard-WSL2-x86_64-with-glibc2.41
2026-03-08 06:08:53 [scrapy.addons] INFO: Enabled addons:
[]
2026-03-08 06:08:53 [scrapy.extensions.telnet] INFO: Telnet Password: 169e151aaad25d41
2026-03-08 06:08:54 [scrapy.middleware] INFO: Enabled extensions:
['scrapy.extensions.corestats.CoreStats',
 'scrapy.extensions.telnet.TelnetConsole',
 'scrapy.extensions.memusage.MemoryUsage',
 'scrapy.extensions.feedexport.FeedExporter',
 'scrapy.extensions.logstats.LogStats',
 'scrapy.extensions.throttle.AutoThrottle']
2026-03-08 06:08:54 [scrapy.crawler] INFO: Overridden settings:
{'AUTOTHROTTLE_ENABLED': True,
 'AUTOTHROTTLE_MAX_DELAY': 10,
 'AUTOTHROTTLE_START_DELAY': 1,
 'AUTOTHROTTLE_TARGET_CONCURRENCY': 2.0,
 'BOT_NAME': 'ecommerce_intelligence',
 'CONCURRENT_REQUESTS': 8,
 'CONCURRENT_REQUESTS_PER_DOMAIN': 2,
 'DOWNLOAD_DELAY': 1,
 'FEED_EXPORT_ENCODING': 'utf-8',
 'LOG_FILE': 'logs/scrapy.log',
 'LOG_LEVEL': 'INFO',
 'NEWSPIDER_MODULE': 'scraper.spiders',
 'REQUEST_FINGERPRINTER_IMPLEMENTATION': '2.7',
 'RETRY_HTTP_CODES': [500, 502, 503, 504, 408, 429],
 'RETRY_TIMES': 3,
 'ROBOTSTXT_OBEY': True,
 'SPIDER_MODULES': ['scraper.spiders'],
 'TWISTED_REACTOR': 'twisted.internet.asyncioreactor.AsyncioSelectorReactor'}
2026-03-08 06:08:54 [scrapy.middleware] INFO: Enabled downloader middlewares:
['scrapy.downloadermiddlewares.robotstxt.RobotsTxtMiddleware',
 'scrapy.downloadermiddlewares.httpauth.HttpAuthMiddleware',
 'scrapy.downloadermiddlewares.downloadtimeout.DownloadTimeoutMiddleware',
 'scrapy.downloadermiddlewares.defaultheaders.DefaultHeadersMiddleware',
 'scraper.middlewares.RotatingUserAgentMiddleware',
 'scraper.middlewares.ProxyMiddleware',
 'scrapy.downloadermiddlewares.retry.RetryMiddleware',
 'scraper.middlewares.RetryMiddleware',
 'scrapy.downloadermiddlewares.redirect.MetaRefreshMiddleware',
 'scrapy.downloadermiddlewares.httpcompression.HttpCompressionMiddleware',
 'scrapy.downloadermiddlewares.redirect.RedirectMiddleware',
 'scrapy.downloadermiddlewares.cookies.CookiesMiddleware',
 'scrapy.downloadermiddlewares.httpproxy.HttpProxyMiddleware',
 'scrapy.downloadermiddlewares.stats.DownloaderStats']
2026-03-08 06:08:54 [scrapy.middleware] INFO: Enabled spider middlewares:
['scrapy.spidermiddlewares.httperror.HttpErrorMiddleware',
 'scrapy.spidermiddlewares.offsite.OffsiteMiddleware',
 'scrapy.spidermiddlewares.referer.RefererMiddleware',
 'scrapy.spidermiddlewares.urllength.UrlLengthMiddleware',
 'scrapy.spidermiddlewares.depth.DepthMiddleware']
2026-03-08 06:08:54 [scrapy.middleware] INFO: Enabled item pipelines:
['scraper.pipelines.DataCleaningPipeline',
 'scraper.pipelines.DuplicateFilterPipeline',
 'scraper.pipelines.PostgreSQLPipeline']
2026-03-08 06:08:54 [scrapy.core.engine] INFO: Spider opened
2026-03-08 06:08:54 [scraper.pipelines] INFO: [DB] PostgreSQL pipeline ready | Run ID: 1
2026-03-08 06:08:54 [scrapy.extensions.logstats] INFO: Crawled 0 pages (at 0 pages/min), scraped 0 items (at 0 items/min)
2026-03-08 06:08:54 [scrapy.extensions.telnet] INFO: Telnet console listening on 127.0.0.1:6023
2026-03-08 06:08:55 [scrapy.robotstxt] WARNING: Failure while parsing robots.txt. File either contains garbage or is in an encoding other than UTF-8, treating it as an empty file.
Traceback (most recent call last):
  File "/usr/local/lib/python3.11/site-packages/scrapy/robotstxt.py", line 15, in decode_robotstxt
    robotstxt_body = robotstxt_body.decode("utf-8")
                     ^^^^^^^^^^^^^^^^^^^^^^^^^^^^^^
UnicodeDecodeError: 'utf-8' codec can't decode bytes in position 5-6: invalid continuation byte
2026-03-08 06:08:56 [scraper.spiders.static_spider] INFO: [PAGE 1] Scraping: https://books.toscrape.com/
2026-03-08 06:08:56 [scraper.spiders.static_spider] INFO:   Found 0 books on this page
2026-03-08 06:08:56 [scraper.spiders.static_spider] INFO: [DONE] Finished all pages. Total items: 0
2026-03-08 06:08:56 [scrapy.core.engine] INFO: Closing spider (finished)
2026-03-08 06:08:56 [scraper.pipelines] INFO: [OK] PostgreSQL Pipeline closed | New: 0 | Updated: 0 | Failed: 0
2026-03-08 06:08:56 [scraper.pipelines] INFO: [DEL]  DuplicateFilter: dropped 0 duplicate items
2026-03-08 06:08:56 [scrapy.extensions.feedexport] INFO: Stored json feed (0 items) in: output/scraped_2026-03-08T06-08-54+00-00.json
2026-03-08 06:08:56 [scrapy.statscollectors] INFO: Dumping Scrapy stats:
{'downloader/request_bytes': 751,
 'downloader/request_count': 2,
 'downloader/request_method_count/GET': 2,
 'downloader/response_bytes': 5805,
 'downloader/response_count': 2,
 'downloader/response_status_count/200': 1,
 'downloader/response_status_count/404': 1,
 'elapsed_time_seconds': 2.251675,
 'feedexport/success_count/FileFeedStorage': 1,
 'finish_reason': 'finished',
 'finish_time': datetime.datetime(2026, 3, 8, 6, 8, 56, 752807, tzinfo=datetime.timezone.utc),
 'httpcompression/response_bytes': 5389,
 'httpcompression/response_count': 2,
 'log_count/INFO': 17,
 'log_count/WARNING': 1,
 'memusage/max': 98529280,
 'memusage/startup': 98529280,
 'response_received_count': 2,
 'robotstxt/request_count': 1,
 'robotstxt/response_count': 1,
 'robotstxt/response_status_count/404': 1,
 'scheduler/dequeued': 1,
 'scheduler/dequeued/memory': 1,
 'scheduler/enqueued': 1,
 'scheduler/enqueued/memory': 1,
 'start_time': datetime.datetime(2026, 3, 8, 6, 8, 54, 501132, tzinfo=datetime.timezone.utc)}
2026-03-08 06:08:56 [scrapy.core.engine] INFO: Spider closed (finished)
2026-03-08 06:08:57 [__main__] INFO: Scrapy spiders finished
2026-03-08 06:08:57 [__main__] INFO: ============================================================
2026-03-08 06:08:57 [__main__] INFO: SELENIUM SPIDER STARTING
2026-03-08 06:08:57 [__main__] INFO: ============================================================
2026-03-08 06:08:57 [scraper.spiders.dynamic_spider] INFO: Starting Selenium Chrome driver...
2026-03-08 06:08:57 [WDM] INFO: ====== WebDriver manager ======
2026-03-08 06:08:57 [WDM] INFO: Get LATEST chromedriver version for google-chrome
2026-03-08 06:08:57 [WDM] INFO: Get LATEST chromedriver version for google-chrome
2026-03-08 06:08:58 [WDM] INFO: There is no [linux64] chromedriver "145.0.7632.117" for browser google-chrome "145.0.7632" in cache
2026-03-08 06:08:58 [WDM] INFO: Get LATEST chromedriver version for google-chrome
2026-03-08 06:08:59 [WDM] INFO: WebDriver version 145.0.7632.117 selected
2026-03-08 06:08:59 [WDM] INFO: Modern chrome version https://storage.googleapis.com/chrome-for-testing-public/145.0.7632.117/linux64/chromedriver-linux64.zip
2026-03-08 06:08:59 [WDM] INFO: About to download new driver from https://storage.googleapis.com/chrome-for-testing-public/145.0.7632.117/linux64/chromedriver-linux64.zip
2026-03-08 06:08:59 [WDM] INFO: Driver downloading response is 200
2026-03-08 06:09:04 [WDM] INFO: Get LATEST chromedriver version for google-chrome
2026-03-08 06:09:04 [WDM] INFO: Driver has been saved in cache [/root/.wdm/drivers/chromedriver/linux64/145.0.7632.117]
2026-03-08 06:09:04 [scraper.spiders.dynamic_spider] INFO: Using ChromeDriver at: /root/.wdm/drivers/chromedriver/linux64/145.0.7632.117/chromedriver-linux64/chromedriver
2026-03-08 06:09:06 [scraper.spiders.dynamic_spider] INFO: Starting dynamic scrape: https://quotes.toscrape.com/js/
2026-03-08 06:09:06 [scraper.spiders.dynamic_spider] INFO: [PAGE 1] Scraping JS page: https://quotes.toscrape.com/js/
2026-03-08 06:09:10 [scraper.spiders.dynamic_spider] INFO:   Found 10 items on page
2026-03-08 06:09:11 [scraper.spiders.dynamic_spider] INFO:   Got 10 items (total: 10)
2026-03-08 06:09:11 [scraper.spiders.dynamic_spider] INFO:   Waiting 3.6s before next page...
2026-03-08 06:09:14 [scraper.spiders.dynamic_spider] INFO: [PAGE 2] Scraping JS page: https://quotes.toscrape.com/js/page/2/
2026-03-08 06:09:16 [scraper.spiders.dynamic_spider] INFO:   Found 10 items on page
2026-03-08 06:09:17 [scraper.spiders.dynamic_spider] INFO:   Got 10 items (total: 20)
2026-03-08 06:09:17 [scraper.spiders.dynamic_spider] INFO:   Waiting 3.7s before next page...
2026-03-08 06:09:21 [scraper.spiders.dynamic_spider] INFO: [PAGE 3] Scraping JS page: https://quotes.toscrape.com/js/page/3/
2026-03-08 06:09:23 [scraper.spiders.dynamic_spider] INFO:   Found 10 items on page
2026-03-08 06:09:23 [scraper.spiders.dynamic_spider] INFO:   Got 10 items (total: 30)
2026-03-08 06:09:23 [scraper.spiders.dynamic_spider] INFO:   Waiting 2.4s before next page...
2026-03-08 06:09:26 [scraper.spiders.dynamic_spider] INFO: Dynamic scrape complete. Total items: 30
2026-03-08 06:09:26 [scraper.spiders.dynamic_spider] INFO: Chrome driver closed.
2026-03-08 06:09:26 [__main__] INFO:   Selenium scraped 30 items - saving to DB...
2026-03-08 06:09:26 [__main__] INFO: Selenium: saved 30 items to PostgreSQL
2026-03-08 06:09:26 [__main__] INFO: ============================================================
2026-03-08 06:09:26 [__main__] INFO: PRICE MONITOR STARTING
2026-03-08 06:09:26 [__main__] INFO: ============================================================
2026-03-08 06:09:26 [monitor.price_alert] INFO: [MONITOR] Starting price monitor...
2026-03-08 06:09:26 [monitor.price_alert] INFO:   Monitoring 30 products
2026-03-08 06:09:26 [monitor.price_alert] INFO: [BACK] Monitor complete. Generated 0 alerts.
2026-03-08 06:09:26 [monitor.price_alert] INFO: [STATS] Alert Summary: {'total_alerts': 0, 'price_drops': 0, 'price_rises': 0, 'out_of_stock': 0}
2026-03-08 06:09:26 [__main__] INFO: Monitor complete: {'total_alerts': 0, 'price_drops': 0, 'price_rises': 0, 'out_of_stock': 0}
2026-03-08 06:09:26 [__main__] INFO: 
All tasks complete in 33.0s

2026-03-08 06:15:59 [scrapy.utils.log] INFO: Scrapy 2.11.0 started (bot: ecommerce_intelligence)
2026-03-08 06:15:59 [scrapy.utils.log] INFO: Versions: lxml 6.0.2.0, libxml2 2.14.6, cssselect 1.4.0, parsel 1.11.0, w3lib 2.4.0, Twisted 22.10.0, Python 3.11.15 (main, Mar  3 2026, 20:22:58) [GCC 14.2.0], pyOpenSSL 25.3.0 (OpenSSL 3.5.5 27 Jan 2026), cryptography 46.0.5, Platform Linux-5.15.146.1-microsoft-standard-WSL2-x86_64-with-glibc2.41
2026-03-08 06:15:59 [scrapy.addons] INFO: Enabled addons:
[]
2026-03-08 06:15:59 [scrapy.extensions.telnet] INFO: Telnet Password: 7548f03c60d29852
2026-03-08 06:15:59 [scrapy.middleware] INFO: Enabled extensions:
['scrapy.extensions.corestats.CoreStats',
 'scrapy.extensions.telnet.TelnetConsole',
 'scrapy.extensions.memusage.MemoryUsage',
 'scrapy.extensions.feedexport.FeedExporter',
 'scrapy.extensions.logstats.LogStats',
 'scrapy.extensions.throttle.AutoThrottle']
2026-03-08 06:15:59 [scrapy.crawler] INFO: Overridden settings:
{'AUTOTHROTTLE_ENABLED': True,
 'AUTOTHROTTLE_MAX_DELAY': 10,
 'AUTOTHROTTLE_START_DELAY': 1,
 'AUTOTHROTTLE_TARGET_CONCURRENCY': 2.0,
 'BOT_NAME': 'ecommerce_intelligence',
 'CONCURRENT_REQUESTS': 8,
 'CONCURRENT_REQUESTS_PER_DOMAIN': 2,
 'DOWNLOAD_DELAY': 1,
 'FEED_EXPORT_ENCODING': 'utf-8',
 'LOG_FILE': 'logs/scrapy.log',
 'LOG_LEVEL': 'INFO',
 'NEWSPIDER_MODULE': 'scraper.spiders',
 'REQUEST_FINGERPRINTER_IMPLEMENTATION': '2.7',
 'RETRY_HTTP_CODES': [500, 502, 503, 504, 408, 429],
 'RETRY_TIMES': 3,
 'SPIDER_MODULES': ['scraper.spiders'],
 'TWISTED_REACTOR': 'twisted.internet.asyncioreactor.AsyncioSelectorReactor'}
2026-03-08 06:15:59 [scrapy.middleware] INFO: Enabled downloader middlewares:
['scrapy.downloadermiddlewares.httpauth.HttpAuthMiddleware',
 'scrapy.downloadermiddlewares.downloadtimeout.DownloadTimeoutMiddleware',
 'scrapy.downloadermiddlewares.defaultheaders.DefaultHeadersMiddleware',
 'scraper.middlewares.RotatingUserAgentMiddleware',
 'scraper.middlewares.ProxyMiddleware',
 'scrapy.downloadermiddlewares.retry.RetryMiddleware',
 'scraper.middlewares.RetryMiddleware',
 'scrapy.downloadermiddlewares.redirect.MetaRefreshMiddleware',
 'scrapy.downloadermiddlewares.httpcompression.HttpCompressionMiddleware',
 'scrapy.downloadermiddlewares.redirect.RedirectMiddleware',
 'scrapy.downloadermiddlewares.cookies.CookiesMiddleware',
 'scrapy.downloadermiddlewares.httpproxy.HttpProxyMiddleware',
 'scrapy.downloadermiddlewares.stats.DownloaderStats']
2026-03-08 06:15:59 [scrapy.middleware] INFO: Enabled spider middlewares:
['scrapy.spidermiddlewares.httperror.HttpErrorMiddleware',
 'scrapy.spidermiddlewares.offsite.OffsiteMiddleware',
 'scrapy.spidermiddlewares.referer.RefererMiddleware',
 'scrapy.spidermiddlewares.urllength.UrlLengthMiddleware',
 'scrapy.spidermiddlewares.depth.DepthMiddleware']
2026-03-08 06:15:59 [scrapy.middleware] INFO: Enabled item pipelines:
['scraper.pipelines.DataCleaningPipeline',
 'scraper.pipelines.DuplicateFilterPipeline',
 'scraper.pipelines.PostgreSQLPipeline']
2026-03-08 06:15:59 [scrapy.core.engine] INFO: Spider opened
2026-03-08 06:16:00 [scraper.pipelines] INFO: [DB] PostgreSQL pipeline ready | Run ID: 2
2026-03-08 06:16:00 [scrapy.extensions.logstats] INFO: Crawled 0 pages (at 0 pages/min), scraped 0 items (at 0 items/min)
2026-03-08 06:16:00 [scrapy.extensions.telnet] INFO: Telnet console listening on 127.0.0.1:6023
2026-03-08 06:16:01 [scraper.spiders.static_spider] INFO: [PAGE 1] Scraping: https://books.toscrape.com/
2026-03-08 06:16:01 [scraper.spiders.static_spider] INFO:   Found 0 books on this page
2026-03-08 06:16:01 [scraper.spiders.static_spider] INFO: [DONE] Finished all pages. Total items: 0
2026-03-08 06:16:01 [scrapy.core.engine] INFO: Closing spider (finished)
2026-03-08 06:16:01 [scraper.pipelines] INFO: [OK] PostgreSQL Pipeline closed | New: 0 | Updated: 0 | Failed: 0
2026-03-08 06:16:01 [scraper.pipelines] INFO: [DEL]  DuplicateFilter: dropped 0 duplicate items
2026-03-08 06:16:01 [scrapy.extensions.feedexport] INFO: Stored json feed (0 items) in: output/scraped_2026-03-08T06-16-00+00-00.json
2026-03-08 06:16:01 [scrapy.statscollectors] INFO: Dumping Scrapy stats:
{'downloader/request_bytes': 384,
 'downloader/request_count': 1,
 'downloader/request_method_count/GET': 1,
 'downloader/response_bytes': 5516,
 'downloader/response_count': 1,
 'downloader/response_status_count/200': 1,
 'elapsed_time_seconds': 1.671189,
 'feedexport/success_count/FileFeedStorage': 1,
 'finish_reason': 'finished',
 'finish_time': datetime.datetime(2026, 3, 8, 6, 16, 1, 760078, tzinfo=datetime.timezone.utc),
 'httpcompression/response_bytes': 5276,
 'httpcompression/response_count': 1,
 'log_count/INFO': 17,
 'memusage/max': 98091008,
 'memusage/startup': 98091008,
 'response_received_count': 1,
 'scheduler/dequeued': 1,
 'scheduler/dequeued/memory': 1,
 'scheduler/enqueued': 1,
 'scheduler/enqueued/memory': 1,
 'start_time': datetime.datetime(2026, 3, 8, 6, 16, 0, 88889, tzinfo=datetime.timezone.utc)}
2026-03-08 06:16:01 [scrapy.core.engine] INFO: Spider closed (finished)
2026-03-08 06:16:02 [__main__] INFO: Scrapy spiders finished
2026-03-08 06:16:02 [__main__] INFO: ============================================================
2026-03-08 06:16:02 [__main__] INFO: SELENIUM SPIDER STARTING
2026-03-08 06:16:02 [__main__] INFO: ============================================================
2026-03-08 06:16:02 [scraper.spiders.dynamic_spider] INFO: Starting Selenium Chrome driver...
2026-03-08 06:16:02 [WDM] INFO: ====== WebDriver manager ======
2026-03-08 06:16:02 [WDM] INFO: Get LATEST chromedriver version for google-chrome
2026-03-08 06:16:02 [WDM] INFO: Get LATEST chromedriver version for google-chrome
2026-03-08 06:16:03 [WDM] INFO: Driver [/root/.wdm/drivers/chromedriver/linux64/145.0.7632.117/chromedriver-linux64/THIRD_PARTY_NOTICES.chromedriver] found in cache
2026-03-08 06:16:03 [scraper.spiders.dynamic_spider] INFO: Using ChromeDriver at: /root/.wdm/drivers/chromedriver/linux64/145.0.7632.117/chromedriver-linux64/chromedriver
2026-03-08 06:16:04 [scraper.spiders.dynamic_spider] INFO: Starting dynamic scrape: https://quotes.toscrape.com/js/
2026-03-08 06:16:04 [scraper.spiders.dynamic_spider] INFO: [PAGE 1] Scraping JS page: https://quotes.toscrape.com/js/
2026-03-08 06:16:08 [scraper.spiders.dynamic_spider] INFO:   Found 10 items on page
2026-03-08 06:16:09 [scraper.spiders.dynamic_spider] INFO:   Got 10 items (total: 10)
2026-03-08 06:16:09 [scraper.spiders.dynamic_spider] INFO:   Waiting 3.4s before next page...
2026-03-08 06:16:12 [scraper.spiders.dynamic_spider] INFO: [PAGE 2] Scraping JS page: https://quotes.toscrape.com/js/page/2/
2026-03-08 06:16:14 [scraper.spiders.dynamic_spider] INFO:   Found 10 items on page
2026-03-08 06:16:15 [scraper.spiders.dynamic_spider] INFO:   Got 10 items (total: 20)
2026-03-08 06:16:15 [scraper.spiders.dynamic_spider] INFO:   Waiting 4.0s before next page...
2026-03-08 06:16:19 [scraper.spiders.dynamic_spider] INFO: [PAGE 3] Scraping JS page: https://quotes.toscrape.com/js/page/3/
2026-03-08 06:16:21 [scraper.spiders.dynamic_spider] INFO:   Found 10 items on page
2026-03-08 06:16:22 [scraper.spiders.dynamic_spider] INFO:   Got 10 items (total: 30)
2026-03-08 06:16:22 [scraper.spiders.dynamic_spider] INFO:   Waiting 3.2s before next page...
2026-03-08 06:16:25 [scraper.spiders.dynamic_spider] INFO: Dynamic scrape complete. Total items: 30
2026-03-08 06:16:25 [scraper.spiders.dynamic_spider] INFO: Chrome driver closed.
2026-03-08 06:16:25 [__main__] INFO:   Selenium scraped 30 items - saving to DB...
2026-03-08 06:16:25 [__main__] INFO: Selenium: saved 30 items to PostgreSQL
2026-03-08 06:16:25 [__main__] INFO: ============================================================
2026-03-08 06:16:25 [__main__] INFO: PRICE MONITOR STARTING
2026-03-08 06:16:25 [__main__] INFO: ============================================================
2026-03-08 06:16:26 [monitor.price_alert] INFO: [MONITOR] Starting price monitor...
2026-03-08 06:16:26 [monitor.price_alert] INFO:   Monitoring 30 products
2026-03-08 06:16:26 [monitor.price_alert] INFO: [RISE] ALERT [PRICE_RISE] | “The world as we have created it is a process of o | £338.16 → £422.66 (+25.0%)
2026-03-08 06:16:26 [monitor.price_alert] INFO: [BACK] ALERT [BACK_IN_STOCK] | “The world as we have created it is a process of o | £338.16 → £422.66 (+0.0%)
2026-03-08 06:16:26 [monitor.price_alert] INFO: [RISE] ALERT [PRICE_RISE] | “It is our choices, Harry, that show what we truly | £52.64 → £195.34 (+271.1%)
2026-03-08 06:16:26 [monitor.price_alert] INFO: [BACK] ALERT [BACK_IN_STOCK] | “It is our choices, Harry, that show what we truly | £52.64 → £195.34 (+0.0%)
2026-03-08 06:16:26 [monitor.price_alert] INFO: [DROP] ALERT [PRICE_DROP] | “The person, be it gentleman or lady, who has not  | £461.61 → £153.97 (-66.6%)
2026-03-08 06:16:26 [monitor.price_alert] INFO: [DROP] ALERT [PRICE_DROP] | “Imperfection is beauty, madness is genius and it' | £361.84 → £249.79 (-31.0%)
2026-03-08 06:16:26 [monitor.price_alert] INFO: [DROP] ALERT [PRICE_DROP] | “Try not to become a man of success. Rather become | £153.27 → £34.35 (-77.6%)
2026-03-08 06:16:26 [monitor.price_alert] INFO: [RISE] ALERT [PRICE_RISE] | “I have not failed. I've just found 10,000 ways th | £151.19 → £214.65 (+42.0%)
2026-03-08 06:16:26 [monitor.price_alert] INFO: [OUT] ALERT [OUT_OF_STOCK] | “I have not failed. I've just found 10,000 ways th | £151.19 → £214.65 (+0.0%)
2026-03-08 06:16:26 [monitor.price_alert] INFO: [RISE] ALERT [PRICE_RISE] | “A woman is like a tea bag; you never know how str | £172.33 → £412.08 (+139.1%)
2026-03-08 06:16:26 [monitor.price_alert] INFO: [DROP] ALERT [PRICE_DROP] | “A day without sunshine is like, you know, night.” | £158.04 → £93.73 (-40.7%)
2026-03-08 06:16:26 [monitor.price_alert] INFO: [OUT] ALERT [OUT_OF_STOCK] | “A day without sunshine is like, you know, night.” | £158.04 → £93.73 (+0.0%)
2026-03-08 06:16:26 [monitor.price_alert] INFO: [DROP] ALERT [PRICE_DROP] | “This life is what you make it. No matter what, yo | £319.71 → £225.53 (-29.5%)
2026-03-08 06:16:26 [monitor.price_alert] INFO: [OUT] ALERT [OUT_OF_STOCK] | “This life is what you make it. No matter what, yo | £319.71 → £225.53 (+0.0%)
2026-03-08 06:16:26 [monitor.price_alert] INFO: [DROP] ALERT [PRICE_DROP] | “If you can't explain it to a six year old, you do | £312.96 → £31.14 (-90.0%)
2026-03-08 06:16:26 [monitor.price_alert] INFO: [BACK] ALERT [BACK_IN_STOCK] | “If you can't explain it to a six year old, you do | £312.96 → £31.14 (+0.0%)
2026-03-08 06:16:26 [monitor.price_alert] INFO: [RISE] ALERT [PRICE_RISE] | “You may not be her first, her last, or her only.  | £392.43 → £432.30 (+10.2%)
2026-03-08 06:16:26 [monitor.price_alert] INFO: [DROP] ALERT [PRICE_DROP] | “I like nonsense, it wakes up the brain cells. Fan | £459.72 → £10.55 (-97.7%)
2026-03-08 06:16:26 [monitor.price_alert] INFO: [DROP] ALERT [PRICE_DROP] | “I may not have gone where I intended to go, but I | £413.35 → £210.55 (-49.1%)
2026-03-08 06:16:26 [monitor.price_alert] INFO: [RISE] ALERT [PRICE_RISE] | “The opposite of love is not hate, it's indifferen | £89.94 → £276.58 (+207.5%)
2026-03-08 06:16:26 [monitor.price_alert] INFO: [DROP] ALERT [PRICE_DROP] | “It is not a lack of love, but a lack of friendshi | £395.70 → £250.79 (-36.6%)
2026-03-08 06:16:26 [monitor.price_alert] INFO: [RISE] ALERT [PRICE_RISE] | “Good friends, good books, and a sleepy conscience | £46.12 → £127.66 (+176.8%)
2026-03-08 06:16:26 [monitor.price_alert] INFO: [DROP] ALERT [PRICE_DROP] | “Life is what happens to us while we are making ot | £127.73 → £53.68 (-58.0%)
2026-03-08 06:16:26 [monitor.price_alert] INFO: [BACK] ALERT [BACK_IN_STOCK] | “Life is what happens to us while we are making ot | £127.73 → £53.68 (+0.0%)
2026-03-08 06:16:26 [monitor.price_alert] INFO: [DROP] ALERT [PRICE_DROP] | “I love you without knowing how, or when, or from  | £413.64 → £42.12 (-89.8%)
2026-03-08 06:16:26 [monitor.price_alert] INFO: [DROP] ALERT [PRICE_DROP] | “If you judge people, you have no time to love the | £451.92 → £211.11 (-53.3%)
2026-03-08 06:16:26 [monitor.price_alert] INFO: [BACK] ALERT [BACK_IN_STOCK] | “If you judge people, you have no time to love the | £451.92 → £211.11 (+0.0%)
2026-03-08 06:16:26 [monitor.price_alert] INFO: [RISE] ALERT [PRICE_RISE] | “Anyone who thinks sitting in church can make you  | £90.03 → £375.43 (+317.0%)
2026-03-08 06:16:26 [monitor.price_alert] INFO: [RISE] ALERT [PRICE_RISE] | “Beauty is in the eye of the beholder and it may b | £191.93 → £273.05 (+42.3%)
2026-03-08 06:16:26 [monitor.price_alert] INFO: [RISE] ALERT [PRICE_RISE] | “Today you are You, that is truer than true. There | £164.70 → £278.53 (+69.1%)
2026-03-08 06:16:26 [monitor.price_alert] INFO: [OUT] ALERT [OUT_OF_STOCK] | “Today you are You, that is truer than true. There | £164.70 → £278.53 (+0.0%)
2026-03-08 06:16:26 [monitor.price_alert] INFO: [DROP] ALERT [PRICE_DROP] | “If you want your children to be intelligent, read | £173.43 → £93.33 (-46.2%)
2026-03-08 06:16:26 [monitor.price_alert] INFO: [OUT] ALERT [OUT_OF_STOCK] | “If you want your children to be intelligent, read | £173.43 → £93.33 (+0.0%)
2026-03-08 06:16:26 [monitor.price_alert] INFO: [RISE] ALERT [PRICE_RISE] | “It is impossible to live without failing at somet | £122.14 → £181.58 (+48.7%)
2026-03-08 06:16:26 [monitor.price_alert] INFO: [BACK] ALERT [BACK_IN_STOCK] | “It is impossible to live without failing at somet | £122.14 → £181.58 (+0.0%)
2026-03-08 06:16:26 [monitor.price_alert] INFO: [DROP] ALERT [PRICE_DROP] | “Logic will get you from A to Z; imagination will  | £337.96 → £64.56 (-80.9%)
2026-03-08 06:16:26 [monitor.price_alert] INFO: [DROP] ALERT [PRICE_DROP] | “One good thing about music, when it hits you, you | £135.14 → £106.23 (-21.4%)
2026-03-08 06:16:26 [monitor.price_alert] INFO: [BACK] ALERT [BACK_IN_STOCK] | “One good thing about music, when it hits you, you | £135.14 → £106.23 (+0.0%)
2026-03-08 06:16:26 [monitor.price_alert] INFO: [BACK] Monitor complete. Generated 38 alerts.
2026-03-08 06:16:26 [monitor.price_alert] INFO: [STATS] Alert Summary: {'total_alerts': 38, 'price_drops': 15, 'price_rises': 11, 'out_of_stock': 5}
2026-03-08 06:16:26 [__main__] INFO: Monitor complete: {'total_alerts': 38, 'price_drops': 15, 'price_rises': 11, 'out_of_stock': 5}
2026-03-08 06:16:26 [__main__] INFO: 
All tasks complete in 27.4s

